<?xml version="1.0" encoding="UTF-8"?>
<testsuite xmlns:xsi="http://www.w3.org/2001/XMLSchema-instance" xsi:noNamespaceSchemaLocation="https://maven.apache.org/surefire/maven-surefire-plugin/xsd/surefire-test-report-3.0.xsd" version="3.0" name="student_crud_operations.dao.StudentDaoTest" time="3.07" tests="7" errors="0" skipped="0" failures="0">
  <properties>
    <property name="java.specification.version" value="21"/>
    <property name="sun.cpu.isalist" value="amd64"/>
    <property name="sun.jnu.encoding" value="Cp1252"/>
    <property name="java.class.path" value="D:\NEW_GITHUB\new\HelloWorldFunction\target\test-classes;D:\NEW_GITHUB\new\HelloWorldFunction\target\classes;C:\Users\anjan\.m2\repository\com\amazonaws\aws-lambda-java-core\1.2.2\aws-lambda-java-core-1.2.2.jar;C:\Users\anjan\.m2\repository\com\amazonaws\aws-lambda-java-events\3.11.0\aws-lambda-java-events-3.11.0.jar;C:\Users\anjan\.m2\repository\joda-time\joda-time\2.6\joda-time-2.6.jar;C:\Users\anjan\.m2\repository\junit\junit\4.13.2\junit-4.13.2.jar;C:\Users\anjan\.m2\repository\org\hamcrest\hamcrest-core\1.3\hamcrest-core-1.3.jar;C:\Users\anjan\.m2\repository\org\mockito\mockito-core\3.6.0\mockito-core-3.6.0.jar;C:\Users\anjan\.m2\repository\net\bytebuddy\byte-buddy\1.10.15\byte-buddy-1.10.15.jar;C:\Users\anjan\.m2\repository\net\bytebuddy\byte-buddy-agent\1.10.15\byte-buddy-agent-1.10.15.jar;C:\Users\anjan\.m2\repository\org\objenesis\objenesis\3.1\objenesis-3.1.jar;C:\Users\anjan\.m2\repository\org\jacoco\jacoco-maven-plugin\0.8.12\jacoco-maven-plugin-0.8.12.jar;C:\Users\anjan\.m2\repository\org\codehaus\plexus\plexus-utils\3.0.24\plexus-utils-3.0.24.jar;C:\Users\anjan\.m2\repository\org\apache\maven\shared\file-management\3.1.0\file-management-3.1.0.jar;C:\Users\anjan\.m2\repository\org\slf4j\slf4j-api\1.7.36\slf4j-api-1.7.36.jar;C:\Users\anjan\.m2\repository\commons-io\commons-io\2.11.0\commons-io-2.11.0.jar;C:\Users\anjan\.m2\repository\org\apache\maven\reporting\maven-reporting-api\3.0\maven-reporting-api-3.0.jar;C:\Users\anjan\.m2\repository\org\apache\maven\doxia\doxia-sink-api\1.0\doxia-sink-api-1.0.jar;C:\Users\anjan\.m2\repository\org\jacoco\org.jacoco.agent\0.8.12\org.jacoco.agent-0.8.12-runtime.jar;C:\Users\anjan\.m2\repository\org\jacoco\org.jacoco.core\0.8.12\org.jacoco.core-0.8.12.jar;C:\Users\anjan\.m2\repository\org\ow2\asm\asm\9.7\asm-9.7.jar;C:\Users\anjan\.m2\repository\org\ow2\asm\asm-commons\9.7\asm-commons-9.7.jar;C:\Users\anjan\.m2\repository\org\ow2\asm\asm-tree\9.7\asm-tree-9.7.jar;C:\Users\anjan\.m2\repository\org\jacoco\org.jacoco.report\0.8.12\org.jacoco.report-0.8.12.jar;C:\Users\anjan\.m2\repository\com\google\code\gson\gson\2.8.8\gson-2.8.8.jar;C:\Users\anjan\.m2\repository\software\amazon\awssdk\dynamodb\2.20.1\dynamodb-2.20.1.jar;C:\Users\anjan\.m2\repository\software\amazon\awssdk\aws-json-protocol\2.20.1\aws-json-protocol-2.20.1.jar;C:\Users\anjan\.m2\repository\software\amazon\awssdk\third-party-jackson-core\2.20.1\third-party-jackson-core-2.20.1.jar;C:\Users\anjan\.m2\repository\software\amazon\awssdk\protocol-core\2.20.1\protocol-core-2.20.1.jar;C:\Users\anjan\.m2\repository\software\amazon\awssdk\profiles\2.20.1\profiles-2.20.1.jar;C:\Users\anjan\.m2\repository\software\amazon\awssdk\sdk-core\2.20.1\sdk-core-2.20.1.jar;C:\Users\anjan\.m2\repository\org\reactivestreams\reactive-streams\1.0.3\reactive-streams-1.0.3.jar;C:\Users\anjan\.m2\repository\software\amazon\awssdk\auth\2.20.1\auth-2.20.1.jar;C:\Users\anjan\.m2\repository\software\amazon\eventstream\eventstream\1.0.1\eventstream-1.0.1.jar;C:\Users\anjan\.m2\repository\software\amazon\awssdk\http-client-spi\2.20.1\http-client-spi-2.20.1.jar;C:\Users\anjan\.m2\repository\software\amazon\awssdk\regions\2.20.1\regions-2.20.1.jar;C:\Users\anjan\.m2\repository\software\amazon\awssdk\annotations\2.20.1\annotations-2.20.1.jar;C:\Users\anjan\.m2\repository\software\amazon\awssdk\utils\2.20.1\utils-2.20.1.jar;C:\Users\anjan\.m2\repository\software\amazon\awssdk\aws-core\2.20.1\aws-core-2.20.1.jar;C:\Users\anjan\.m2\repository\software\amazon\awssdk\metrics-spi\2.20.1\metrics-spi-2.20.1.jar;C:\Users\anjan\.m2\repository\software\amazon\awssdk\json-utils\2.20.1\json-utils-2.20.1.jar;C:\Users\anjan\.m2\repository\software\amazon\awssdk\endpoints-spi\2.20.1\endpoints-spi-2.20.1.jar;C:\Users\anjan\.m2\repository\software\amazon\awssdk\apache-client\2.20.1\apache-client-2.20.1.jar;C:\Users\anjan\.m2\repository\org\apache\httpcomponents\httpclient\4.5.13\httpclient-4.5.13.jar;C:\Users\anjan\.m2\repository\commons-logging\commons-logging\1.2\commons-logging-1.2.jar;C:\Users\anjan\.m2\repository\commons-codec\commons-codec\1.11\commons-codec-1.11.jar;C:\Users\anjan\.m2\repository\org\apache\httpcomponents\httpcore\4.4.13\httpcore-4.4.13.jar;C:\Users\anjan\.m2\repository\software\amazon\awssdk\netty-nio-client\2.20.1\netty-nio-client-2.20.1.jar;C:\Users\anjan\.m2\repository\io\netty\netty-codec-http\4.1.86.Final\netty-codec-http-4.1.86.Final.jar;C:\Users\anjan\.m2\repository\io\netty\netty-codec-http2\4.1.86.Final\netty-codec-http2-4.1.86.Final.jar;C:\Users\anjan\.m2\repository\io\netty\netty-codec\4.1.86.Final\netty-codec-4.1.86.Final.jar;C:\Users\anjan\.m2\repository\io\netty\netty-transport\4.1.86.Final\netty-transport-4.1.86.Final.jar;C:\Users\anjan\.m2\repository\io\netty\netty-resolver\4.1.86.Final\netty-resolver-4.1.86.Final.jar;C:\Users\anjan\.m2\repository\io\netty\netty-common\4.1.86.Final\netty-common-4.1.86.Final.jar;C:\Users\anjan\.m2\repository\io\netty\netty-buffer\4.1.86.Final\netty-buffer-4.1.86.Final.jar;C:\Users\anjan\.m2\repository\io\netty\netty-handler\4.1.86.Final\netty-handler-4.1.86.Final.jar;C:\Users\anjan\.m2\repository\io\netty\netty-transport-native-unix-common\4.1.86.Final\netty-transport-native-unix-common-4.1.86.Final.jar;C:\Users\anjan\.m2\repository\io\netty\netty-transport-classes-epoll\4.1.86.Final\netty-transport-classes-epoll-4.1.86.Final.jar;C:\Users\anjan\.m2\repository\software\amazon\awssdk\dynamodb-enhanced\2.29.10\dynamodb-enhanced-2.29.10.jar;"/>
    <property name="java.vm.vendor" value="Oracle Corporation"/>
    <property name="sun.arch.data.model" value="64"/>
    <property name="user.variant" value=""/>
    <property name="java.vendor.url" value="https://java.oracle.com/"/>
    <property name="user.timezone" value="Asia/Calcutta"/>
    <property name="os.name" value="Windows 11"/>
    <property name="java.vm.specification.version" value="21"/>
    <property name="sun.java.launcher" value="SUN_STANDARD"/>
    <property name="user.country" value="IN"/>
    <property name="sun.boot.library.path" value="D:\eclipse\Java\jdk-21\bin"/>
    <property name="sun.java.command" value="C:\Users\anjan\AppData\Local\Temp\surefire6199843314438270598\surefirebooter-20241218134759431_3.jar C:\Users\anjan\AppData\Local\Temp\surefire6199843314438270598 2024-12-18T13-47-59_212-jvmRun1 surefire-20241218134759431_1tmp surefire_0-20241218134759431_2tmp"/>
    <property name="jdk.debug" value="release"/>
    <property name="surefire.test.class.path" value="D:\NEW_GITHUB\new\HelloWorldFunction\target\test-classes;D:\NEW_GITHUB\new\HelloWorldFunction\target\classes;C:\Users\anjan\.m2\repository\com\amazonaws\aws-lambda-java-core\1.2.2\aws-lambda-java-core-1.2.2.jar;C:\Users\anjan\.m2\repository\com\amazonaws\aws-lambda-java-events\3.11.0\aws-lambda-java-events-3.11.0.jar;C:\Users\anjan\.m2\repository\joda-time\joda-time\2.6\joda-time-2.6.jar;C:\Users\anjan\.m2\repository\junit\junit\4.13.2\junit-4.13.2.jar;C:\Users\anjan\.m2\repository\org\hamcrest\hamcrest-core\1.3\hamcrest-core-1.3.jar;C:\Users\anjan\.m2\repository\org\mockito\mockito-core\3.6.0\mockito-core-3.6.0.jar;C:\Users\anjan\.m2\repository\net\bytebuddy\byte-buddy\1.10.15\byte-buddy-1.10.15.jar;C:\Users\anjan\.m2\repository\net\bytebuddy\byte-buddy-agent\1.10.15\byte-buddy-agent-1.10.15.jar;C:\Users\anjan\.m2\repository\org\objenesis\objenesis\3.1\objenesis-3.1.jar;C:\Users\anjan\.m2\repository\org\jacoco\jacoco-maven-plugin\0.8.12\jacoco-maven-plugin-0.8.12.jar;C:\Users\anjan\.m2\repository\org\codehaus\plexus\plexus-utils\3.0.24\plexus-utils-3.0.24.jar;C:\Users\anjan\.m2\repository\org\apache\maven\shared\file-management\3.1.0\file-management-3.1.0.jar;C:\Users\anjan\.m2\repository\org\slf4j\slf4j-api\1.7.36\slf4j-api-1.7.36.jar;C:\Users\anjan\.m2\repository\commons-io\commons-io\2.11.0\commons-io-2.11.0.jar;C:\Users\anjan\.m2\repository\org\apache\maven\reporting\maven-reporting-api\3.0\maven-reporting-api-3.0.jar;C:\Users\anjan\.m2\repository\org\apache\maven\doxia\doxia-sink-api\1.0\doxia-sink-api-1.0.jar;C:\Users\anjan\.m2\repository\org\jacoco\org.jacoco.agent\0.8.12\org.jacoco.agent-0.8.12-runtime.jar;C:\Users\anjan\.m2\repository\org\jacoco\org.jacoco.core\0.8.12\org.jacoco.core-0.8.12.jar;C:\Users\anjan\.m2\repository\org\ow2\asm\asm\9.7\asm-9.7.jar;C:\Users\anjan\.m2\repository\org\ow2\asm\asm-commons\9.7\asm-commons-9.7.jar;C:\Users\anjan\.m2\repository\org\ow2\asm\asm-tree\9.7\asm-tree-9.7.jar;C:\Users\anjan\.m2\repository\org\jacoco\org.jacoco.report\0.8.12\org.jacoco.report-0.8.12.jar;C:\Users\anjan\.m2\repository\com\google\code\gson\gson\2.8.8\gson-2.8.8.jar;C:\Users\anjan\.m2\repository\software\amazon\awssdk\dynamodb\2.20.1\dynamodb-2.20.1.jar;C:\Users\anjan\.m2\repository\software\amazon\awssdk\aws-json-protocol\2.20.1\aws-json-protocol-2.20.1.jar;C:\Users\anjan\.m2\repository\software\amazon\awssdk\third-party-jackson-core\2.20.1\third-party-jackson-core-2.20.1.jar;C:\Users\anjan\.m2\repository\software\amazon\awssdk\protocol-core\2.20.1\protocol-core-2.20.1.jar;C:\Users\anjan\.m2\repository\software\amazon\awssdk\profiles\2.20.1\profiles-2.20.1.jar;C:\Users\anjan\.m2\repository\software\amazon\awssdk\sdk-core\2.20.1\sdk-core-2.20.1.jar;C:\Users\anjan\.m2\repository\org\reactivestreams\reactive-streams\1.0.3\reactive-streams-1.0.3.jar;C:\Users\anjan\.m2\repository\software\amazon\awssdk\auth\2.20.1\auth-2.20.1.jar;C:\Users\anjan\.m2\repository\software\amazon\eventstream\eventstream\1.0.1\eventstream-1.0.1.jar;C:\Users\anjan\.m2\repository\software\amazon\awssdk\http-client-spi\2.20.1\http-client-spi-2.20.1.jar;C:\Users\anjan\.m2\repository\software\amazon\awssdk\regions\2.20.1\regions-2.20.1.jar;C:\Users\anjan\.m2\repository\software\amazon\awssdk\annotations\2.20.1\annotations-2.20.1.jar;C:\Users\anjan\.m2\repository\software\amazon\awssdk\utils\2.20.1\utils-2.20.1.jar;C:\Users\anjan\.m2\repository\software\amazon\awssdk\aws-core\2.20.1\aws-core-2.20.1.jar;C:\Users\anjan\.m2\repository\software\amazon\awssdk\metrics-spi\2.20.1\metrics-spi-2.20.1.jar;C:\Users\anjan\.m2\repository\software\amazon\awssdk\json-utils\2.20.1\json-utils-2.20.1.jar;C:\Users\anjan\.m2\repository\software\amazon\awssdk\endpoints-spi\2.20.1\endpoints-spi-2.20.1.jar;C:\Users\anjan\.m2\repository\software\amazon\awssdk\apache-client\2.20.1\apache-client-2.20.1.jar;C:\Users\anjan\.m2\repository\org\apache\httpcomponents\httpclient\4.5.13\httpclient-4.5.13.jar;C:\Users\anjan\.m2\repository\commons-logging\commons-logging\1.2\commons-logging-1.2.jar;C:\Users\anjan\.m2\repository\commons-codec\commons-codec\1.11\commons-codec-1.11.jar;C:\Users\anjan\.m2\repository\org\apache\httpcomponents\httpcore\4.4.13\httpcore-4.4.13.jar;C:\Users\anjan\.m2\repository\software\amazon\awssdk\netty-nio-client\2.20.1\netty-nio-client-2.20.1.jar;C:\Users\anjan\.m2\repository\io\netty\netty-codec-http\4.1.86.Final\netty-codec-http-4.1.86.Final.jar;C:\Users\anjan\.m2\repository\io\netty\netty-codec-http2\4.1.86.Final\netty-codec-http2-4.1.86.Final.jar;C:\Users\anjan\.m2\repository\io\netty\netty-codec\4.1.86.Final\netty-codec-4.1.86.Final.jar;C:\Users\anjan\.m2\repository\io\netty\netty-transport\4.1.86.Final\netty-transport-4.1.86.Final.jar;C:\Users\anjan\.m2\repository\io\netty\netty-resolver\4.1.86.Final\netty-resolver-4.1.86.Final.jar;C:\Users\anjan\.m2\repository\io\netty\netty-common\4.1.86.Final\netty-common-4.1.86.Final.jar;C:\Users\anjan\.m2\repository\io\netty\netty-buffer\4.1.86.Final\netty-buffer-4.1.86.Final.jar;C:\Users\anjan\.m2\repository\io\netty\netty-handler\4.1.86.Final\netty-handler-4.1.86.Final.jar;C:\Users\anjan\.m2\repository\io\netty\netty-transport-native-unix-common\4.1.86.Final\netty-transport-native-unix-common-4.1.86.Final.jar;C:\Users\anjan\.m2\repository\io\netty\netty-transport-classes-epoll\4.1.86.Final\netty-transport-classes-epoll-4.1.86.Final.jar;C:\Users\anjan\.m2\repository\software\amazon\awssdk\dynamodb-enhanced\2.29.10\dynamodb-enhanced-2.29.10.jar;"/>
    <property name="sun.cpu.endian" value="little"/>
    <property name="user.home" value="C:\Users\anjan"/>
    <property name="user.language" value="en"/>
    <property name="java.specification.vendor" value="Oracle Corporation"/>
    <property name="java.version.date" value="2023-10-17"/>
    <property name="java.home" value="D:\eclipse\Java\jdk-21"/>
    <property name="file.separator" value="\"/>
    <property name="basedir" value="D:\NEW_GITHUB\new\HelloWorldFunction"/>
    <property name="java.vm.compressedOopsMode" value="32-bit"/>
    <property name="line.separator" value="&#10;"/>
    <property name="java.vm.specification.vendor" value="Oracle Corporation"/>
    <property name="java.specification.name" value="Java Platform API Specification"/>
    <property name="surefire.real.class.path" value="C:\Users\anjan\AppData\Local\Temp\surefire6199843314438270598\surefirebooter-20241218134759431_3.jar"/>
    <property name="user.script" value=""/>
    <property name="sun.management.compiler" value="HotSpot 64-Bit Tiered Compilers"/>
    <property name="java.runtime.version" value="21.0.1+12-LTS-29"/>
    <property name="user.name" value="Derrick"/>
    <property name="stdout.encoding" value="UTF-8"/>
    <property name="path.separator" value=";"/>
    <property name="os.version" value="10.0"/>
    <property name="java.runtime.name" value="Java(TM) SE Runtime Environment"/>
    <property name="file.encoding" value="UTF-8"/>
    <property name="java.vm.name" value="Java HotSpot(TM) 64-Bit Server VM"/>
    <property name="localRepository" value="C:\Users\anjan\.m2\repository"/>
    <property name="java.vendor.url.bug" value="https://bugreport.java.com/bugreport/"/>
    <property name="java.io.tmpdir" value="C:\Users\anjan\AppData\Local\Temp\"/>
    <property name="java.version" value="21.0.1"/>
    <property name="user.dir" value="D:\NEW_GITHUB\new\HelloWorldFunction"/>
    <property name="os.arch" value="amd64"/>
    <property name="java.vm.specification.name" value="Java Virtual Machine Specification"/>
    <property name="sun.os.patch.level" value=""/>
    <property name="native.encoding" value="Cp1252"/>
    <property name="java.library.path" value="D:\eclipse\Java\jdk-21\bin;C:\WINDOWS\Sun\Java\bin;C:\WINDOWS\system32;C:\WINDOWS;D:\eclipse\Java\jdk-21\bin;C:\Program Files\Microsoft MPI\Bin\;C:\Python312\Scripts\;C:\Python312\;D:\eclipse\Java\jdk-21\bin;D:\Getbash\Git\cmd;D:\Nodejs@VScode;C:\ProgramData\chocolatey\bin;C:\Program Files\MySQL\MySQL Server 5.5\bin;C:\Program Files (x86)\Microsoft SQL Server\160\Tools\Binn\;C:\Program Files\Microsoft SQL Server\160\Tools\Binn\;C:\Program Files\Microsoft SQL Server\Client SDK\ODBC\170\Tools\Binn\;C:\Program Files\Microsoft SQL Server\160\DTS\Binn\;C:\Program Files (x86)\Microsoft SQL Server\160\DTS\Binn\;C:\Program Files\Azure Data Studio\bin;D:\Maven\apache-maven-3.9.6\bin;C:\Program Files\Docker\Docker\resources\bin;D:\TestCareApp;C:\Program Files\Amazon\AWSSAMCLI\bin\;C:\Program Files\Amazon\AWSCLIV2\;C:\Windows\System32;;%SystemRoot%\system32;%SystemRoot%;%SystemRoot%\System32\Wbem;%SYSTEMROOT%\System32\WindowsPowerShell\v1.0\;%SYSTEMROOT%\System32\OpenSSH\;C:\Program Files\MySQL\MySQL Shell 8.0\bin\;C:\Users\anjan\AppData\Local\Microsoft\WindowsApps;C:\Program Files\MOPAC\bin;C:\Program Files\bin;%PyCharm%;C:\Users\anjan\AppData\Roaming\npm;C:\Program Files\Azure Data Studio\bin;D:\vscode\Microsoft VS Code\bin;D:\Nodejs@VScode\node;D:\Intellij\IntelliJ IDEA 2024.3\bin;;C:\Users\anjan\AppData\Roaming\Microsoft\Windows\Start Menu\Programs\H2;;D:\Intellij\IntelliJ IDEA Community Edition 2024.3\bin;;."/>
    <property name="java.vm.info" value="mixed mode, sharing"/>
    <property name="stderr.encoding" value="UTF-8"/>
    <property name="java.vendor" value="Oracle Corporation"/>
    <property name="java.vm.version" value="21.0.1+12-LTS-29"/>
    <property name="sun.io.unicode.encoding" value="UnicodeLittle"/>
    <property name="java.class.version" value="65.0"/>
  </properties>
  <testcase name="testSaveStudent_Success" classname="student_crud_operations.dao.StudentDaoTest" time="2.761">
    <system-out><![CDATA[HTTP Status Code: 200
]]></system-out>
  </testcase>
  <testcase name="testGetStudentByAdmissionID_Success" classname="student_crud_operations.dao.StudentDaoTest" time="0.013"/>
  <testcase name="testGetStudentByAdmissionID_NotFound" classname="student_crud_operations.dao.StudentDaoTest" time="0.002"/>
  <testcase name="testDeleteStudentById_Success" classname="student_crud_operations.dao.StudentDaoTest" time="0.048"/>
  <testcase name="testUpdateStudent_Exception" classname="student_crud_operations.dao.StudentDaoTest" time="0.034"/>
  <testcase name="testDeleteStudentById_Exception" classname="student_crud_operations.dao.StudentDaoTest" time="0.019">
    <system-out><![CDATA[Item with ID ADM002 does not exist or condition failed.
]]></system-out>
  </testcase>
  <testcase name="testUpdateStudent_Success" classname="student_crud_operations.dao.StudentDaoTest" time="0.009"/>
</testsuite>